2025-11-06 14:04:15,553 - INFO - Scraping page 1
2025-11-06 14:04:16,101 - INFO - 20 livres extraits de la page 1
2025-11-06 14:04:17,603 - INFO - Scraping page 2
2025-11-06 14:04:18,114 - INFO - 20 livres extraits de la page 2
2025-11-06 14:04:19,616 - INFO - Scraping page 3
2025-11-06 14:04:20,146 - INFO - 20 livres extraits de la page 3
2025-11-06 14:04:21,648 - INFO - Scraping page 4
2025-11-06 14:04:22,174 - INFO - 20 livres extraits de la page 4
2025-11-06 14:04:23,676 - INFO - Scraping page 5
2025-11-06 14:04:24,102 - INFO - 20 livres extraits de la page 5
2025-11-06 14:04:25,604 - INFO - Scraping page 6
2025-11-06 14:04:26,118 - INFO - 20 livres extraits de la page 6
2025-11-06 14:04:27,621 - INFO - Scraping page 7
2025-11-06 14:04:28,130 - INFO - 20 livres extraits de la page 7
2025-11-06 14:04:29,633 - INFO - Scraping page 8
2025-11-06 14:04:30,111 - INFO - 20 livres extraits de la page 8
2025-11-06 14:04:31,614 - INFO - Scraping page 9
2025-11-06 14:04:32,133 - INFO - 20 livres extraits de la page 9
2025-11-06 14:04:33,636 - INFO - Scraping page 10
2025-11-06 14:04:34,164 - INFO - 20 livres extraits de la page 10
2025-11-06 14:04:35,667 - INFO - Scraping page 11
2025-11-06 14:04:36,179 - INFO - 20 livres extraits de la page 11
2025-11-06 14:04:37,682 - INFO - Scraping page 12
2025-11-06 14:04:38,193 - INFO - 20 livres extraits de la page 12
2025-11-06 14:04:39,695 - INFO - Scraping page 13
2025-11-06 14:04:40,171 - INFO - 20 livres extraits de la page 13
2025-11-06 14:04:41,674 - INFO - Scraping page 14
2025-11-06 14:04:42,154 - INFO - 20 livres extraits de la page 14
2025-11-06 14:04:43,657 - INFO - Scraping page 15
2025-11-06 14:04:44,182 - INFO - 20 livres extraits de la page 15
2025-11-06 14:04:45,684 - INFO - Scraping page 16
2025-11-06 14:04:46,160 - INFO - 20 livres extraits de la page 16
2025-11-06 14:04:47,663 - INFO - Scraping page 17
2025-11-06 14:04:48,186 - INFO - 20 livres extraits de la page 17
2025-11-06 14:04:49,689 - INFO - Scraping page 18
2025-11-06 14:04:50,204 - INFO - 20 livres extraits de la page 18
2025-11-06 14:04:51,708 - INFO - Scraping page 19
2025-11-06 14:04:52,225 - INFO - 20 livres extraits de la page 19
2025-11-06 14:04:53,729 - INFO - Scraping page 20
2025-11-06 14:04:54,215 - INFO - 20 livres extraits de la page 20
2025-11-06 14:04:55,719 - INFO - Scraping page 21
2025-11-06 14:04:56,194 - INFO - 20 livres extraits de la page 21
2025-11-06 14:04:57,697 - INFO - Scraping page 22
2025-11-06 14:04:58,218 - INFO - 20 livres extraits de la page 22
2025-11-06 14:04:59,723 - INFO - Scraping page 23
2025-11-06 14:05:00,194 - INFO - 20 livres extraits de la page 23
2025-11-06 14:05:01,698 - INFO - Scraping page 24
2025-11-06 14:05:02,169 - INFO - 20 livres extraits de la page 24
2025-11-06 14:05:03,673 - INFO - Scraping page 25
2025-11-06 14:05:04,184 - INFO - 20 livres extraits de la page 25
2025-11-06 14:05:05,689 - INFO - Scraping page 26
2025-11-06 14:05:06,161 - INFO - 20 livres extraits de la page 26
2025-11-06 14:05:07,666 - INFO - Scraping page 27
2025-11-06 14:05:08,136 - INFO - 20 livres extraits de la page 27
2025-11-06 14:05:09,640 - INFO - Scraping page 28
2025-11-06 14:05:10,111 - INFO - 20 livres extraits de la page 28
2025-11-06 14:05:11,615 - INFO - Scraping page 29
2025-11-06 14:05:12,125 - INFO - 20 livres extraits de la page 29
2025-11-06 14:05:13,630 - INFO - Scraping page 30
2025-11-06 14:05:14,141 - INFO - 20 livres extraits de la page 30
2025-11-06 14:05:15,645 - INFO - Scraping page 31
2025-11-06 14:05:16,164 - INFO - 20 livres extraits de la page 31
2025-11-06 14:05:17,669 - INFO - Scraping page 32
2025-11-06 14:05:18,149 - INFO - 20 livres extraits de la page 32
2025-11-06 14:05:19,654 - INFO - Scraping page 33
2025-11-06 14:05:20,128 - INFO - 20 livres extraits de la page 33
2025-11-06 14:05:21,633 - INFO - Scraping page 34
2025-11-06 14:05:22,133 - INFO - 20 livres extraits de la page 34
2025-11-06 14:05:23,645 - INFO - Scraping page 35
2025-11-06 14:05:24,161 - INFO - 20 livres extraits de la page 35
2025-11-06 14:05:25,666 - INFO - Scraping page 36
2025-11-06 14:05:26,183 - INFO - 20 livres extraits de la page 36
2025-11-06 14:05:27,688 - INFO - Scraping page 37
2025-11-06 14:05:28,174 - INFO - 20 livres extraits de la page 37
2025-11-06 14:05:29,679 - INFO - Scraping page 38
2025-11-06 14:05:30,177 - INFO - 20 livres extraits de la page 38
2025-11-06 14:05:31,684 - INFO - Scraping page 39
2025-11-06 14:05:32,164 - INFO - 20 livres extraits de la page 39
2025-11-06 14:05:33,672 - INFO - Scraping page 40
2025-11-06 14:05:34,153 - INFO - 20 livres extraits de la page 40
2025-11-06 14:05:35,661 - INFO - Scraping page 41
2025-11-06 14:05:36,186 - INFO - 20 livres extraits de la page 41
2025-11-06 14:05:37,693 - INFO - Scraping page 42
2025-11-06 14:05:38,190 - INFO - 20 livres extraits de la page 42
2025-11-06 14:05:39,703 - INFO - Scraping page 43
2025-11-06 14:05:40,244 - INFO - 20 livres extraits de la page 43
2025-11-06 14:05:41,753 - INFO - Scraping page 44
2025-11-06 14:05:42,224 - INFO - 20 livres extraits de la page 44
2025-11-06 14:05:43,731 - INFO - Scraping page 45
2025-11-06 14:05:44,206 - INFO - 20 livres extraits de la page 45
2025-11-06 14:05:45,720 - INFO - Scraping page 46
2025-11-06 14:05:46,255 - INFO - 20 livres extraits de la page 46
2025-11-06 14:05:47,762 - INFO - Scraping page 47
2025-11-06 14:05:48,236 - INFO - 20 livres extraits de la page 47
2025-11-06 14:05:49,742 - INFO - Scraping page 48
2025-11-06 14:05:50,230 - INFO - 20 livres extraits de la page 48
2025-11-06 14:05:51,743 - INFO - Scraping page 49
2025-11-06 14:05:52,280 - INFO - 20 livres extraits de la page 49
2025-11-06 14:05:53,787 - INFO - Scraping page 50
2025-11-06 14:05:54,242 - INFO - 20 livres extraits de la page 50
2025-11-06 14:05:55,758 - INFO - Scraping page 51
2025-11-06 14:05:55,973 - WARNING - Erreur 404 sur http://books.toscrape.com/catalogue/page-51.html
2025-11-06 14:05:56,177 - WARNING - Erreur 404 sur http://books.toscrape.com/catalogue/page-51.html
2025-11-06 14:05:56,381 - WARNING - Erreur 404 sur http://books.toscrape.com/catalogue/page-51.html
2025-11-06 14:05:56,584 - WARNING - Erreur 404 sur http://books.toscrape.com/catalogue/page-51.html
2025-11-06 14:05:56,799 - WARNING - Erreur 404 sur http://books.toscrape.com/catalogue/page-51.html
2025-11-06 14:05:56,799 - INFO - Aucune donnée sur la page 51. Fin.
2025-11-06 14:05:56,807 - INFO - Scraping terminé. 1000 livres extraits.
